<?xml version="1.0" encoding="utf-8"?><testsuites name="pytest tests"><testsuite name="pytest" errors="0" failures="0" skipped="0" tests="6" time="3.625" timestamp="2026-09-23T12:45:10.784587+00:00" hostname="agent-env-00b91cd4-5f94-4c05-aee1-881167789aa7"><testcase classname="tests.test_match_time.TestMatchTimeCreateEdit" name="test_create_contest_with_future_match_time" time="1.582" /><testcase classname="tests.test_match_time.TestEntryMatchTimeBlock" name="test_entry_blocked_when_match_started" time="1.828" /><testcase classname="tests.test_match_time.TestMatchTimeCreateEdit" name="test_create_contest_without_match_time" time="0.286" /><testcase classname="tests.test_match_time.TestEntryMatchTimeBlock" name="test_entry_allowed_future_match_time" time="0.702" /><testcase classname="tests.test_match_time.TestMatchTimeCreateEdit" name="test_patch_preserves_match_time_and_updates" time="0.911" /><testcase classname="tests.test_match_time.TestEntryMatchTimeBlock" name="test_entry_allowed_no_match_time" time="0.783" /></testsuite></testsuites>