<?xml version="1.0" encoding="utf-8"?><testsuites name="pytest tests"><testsuite name="pytest" errors="0" failures="0" skipped="0" tests="6" time="5.101" timestamp="2026-09-23T16:07:13.474187+00:00" hostname="agent-env-00b91cd4-5f94-4c05-aee1-881167789aa7"><testcase classname="tests.test_contest_link" name="test_user_no_entry_hides_link" time="1.249" /><testcase classname="tests.test_contest_link" name="test_admin_sees_link" time="0.162" /><testcase classname="tests.test_contest_link" name="test_user_pending_entry" time="0.696" /><testcase classname="tests.test_contest_link" name="test_user_approved_entry" time="0.486" /><testcase classname="tests.test_contest_link" name="test_user_won_entry" time="0.555" /><testcase classname="tests.test_contest_link" name="test_rejected_entry_allows_rejoin" time="1.617" /></testsuite></testsuites>