<?xml version="1.0" encoding="utf-8"?><testsuites name="pytest tests"><testsuite name="pytest" errors="0" failures="0" skipped="0" tests="6" time="3.805" timestamp="2026-09-23T12:32:18.617326+00:00" hostname="agent-env-00b91cd4-5f94-4c05-aee1-881167789aa7"><testcase classname="tests.test_new_features.TestContestEdit" name="test_patch_contest_updates_all_fields" time="1.450" /><testcase classname="tests.test_new_features.TestWinnersBoard" name="test_winners_no_mobile_and_sorted" time="2.487" /><testcase classname="tests.test_new_features.TestContestEdit" name="test_patch_contest_404" time="0.119" /><testcase classname="tests.test_new_features.TestContestEdit" name="test_patch_contest_empty_400" time="0.545" /><testcase classname="tests.test_new_features.TestWalletHistory" name="test_wallet_history_merges_prize_payout_adjustments" time="1.006" /><testcase classname="tests.test_new_features.TestContestEdit" name="test_patch_contest_requires_admin" time="1.340" /></testsuite></testsuites>