<?xml version="1.0" encoding="utf-8"?><testsuites name="pytest tests"><testsuite name="pytest" errors="0" failures="0" skipped="0" tests="12" time="6.892" timestamp="2026-09-23T12:23:57.746005+00:00" hostname="agent-env-00b91cd4-5f94-4c05-aee1-881167789aa7"><testcase classname="tests.backend_test.TestAuth" name="test_admin_login" time="0.745" /><testcase classname="tests.backend_test.TestAuth" name="test_login_invalid" time="0.447" /><testcase classname="tests.backend_test.TestAdminUsers" name="test_create_user_visible_in_list" time="1.198" /><testcase classname="tests.backend_test.TestAuth" name="test_signup_and_login" time="1.023" /><testcase classname="tests.backend_test.TestAdminUsers" name="test_duplicate_mobile_400" time="0.361" /><testcase classname="tests.backend_test.TestAdminUsers" name="test_wallet_credit_debit" time="0.657" /><testcase classname="tests.backend_test.TestAdminUsers" name="test_block_unblock" time="1.302" /><testcase classname="tests.backend_test.TestPaymentSettings" name="test_get_and_update_settings" time="0.886" /><testcase classname="tests.backend_test.TestPaymentSettings" name="test_wallet_config_reflects_settings" time="0.150" /><testcase classname="tests.backend_test.TestContestFlow" name="test_full_flow" time="3.325" /><testcase classname="tests.backend_test.TestAdminUsers" name="test_delete_nonexistent_user" time="0.226" /><testcase classname="tests.backend_test.TestAdminUsers" name="test_non_admin_forbidden" time="1.452" /></testsuite></testsuites>